<?xml version="1.0" encoding="UTF-8"?>
<!-- Generated by org.testng.reporters.JUnitReportReporter -->
<testsuite skipped="0" hostname="DESKTOP-PPOL0UJ" name="testCases.TC002_PurchaseItem" tests="1" failures="0" timestamp="02 May 2022 05:51:37 GMT" time="13.535" errors="0">
  <testcase name="purchase_Item" time="13.535" classname="testCases.TC002_PurchaseItem"/>
</testsuite> <!-- testCases.TC002_PurchaseItem -->
