<?xml version="1.0" encoding="UTF-8"?>
<!-- Generated by org.testng.reporters.JUnitReportReporter -->
<testsuite skipped="0" hostname="DESKTOP-PPOL0UJ" name="testCases.TC005_Logo" tests="1" failures="0" timestamp="18 Apr 2022 20:38:47 GMT" time="0.498" errors="0">
  <testcase name="verifyLogin" time="0.498" classname="testCases.TC005_Logo"/>
</testsuite> <!-- testCases.TC005_Logo -->
