<?xml version="1.0" encoding="UTF-8"?>
<!-- Generated by org.testng.reporters.JUnitReportReporter -->
<testsuite skipped="0" hostname="DESKTOP-PPOL0UJ" name="testCases.TC003_RegisterNewCustomer" tests="5" failures="0" timestamp="02 May 2022 05:01:20 GMT" time="7.525" errors="0">
  <testcase name="doRegister" time="1.423" classname="testCases.TC003_RegisterNewCustomer"/>
  <testcase name="doRegister" time="1.500" classname="testCases.TC003_RegisterNewCustomer"/>
  <testcase name="doRegister" time="1.466" classname="testCases.TC003_RegisterNewCustomer"/>
  <testcase name="doRegister" time="1.729" classname="testCases.TC003_RegisterNewCustomer"/>
  <testcase name="doRegister" time="1.407" classname="testCases.TC003_RegisterNewCustomer"/>
</testsuite> <!-- testCases.TC003_RegisterNewCustomer -->
