<?xml version="1.0" encoding="UTF-8"?>
<!-- Generated by org.testng.reporters.JUnitReportReporter -->
<testsuite skipped="0" hostname="DESKTOP-PPOL0UJ" name="testCases.TC003_RegisterNewCustomer" tests="1" failures="0" timestamp="18 Apr 2022 19:26:09 GMT" time="1.523" errors="0">
  <testcase name="doRegister" time="1.523" classname="testCases.TC003_RegisterNewCustomer"/>
</testsuite> <!-- testCases.TC003_RegisterNewCustomer -->
