<?xml version="1.0" encoding="UTF-8"?>
<!-- Generated by org.testng.reporters.JUnitReportReporter -->
<testsuite skipped="0" hostname="DESKTOP-PPOL0UJ" name="testCases.TC004_CurrencyList" tests="1" failures="0" timestamp="02 May 2022 05:51:37 GMT" time="0.820" errors="0">
  <testcase name="homepage_currency" time="0.820" classname="testCases.TC004_CurrencyList"/>
</testsuite> <!-- testCases.TC004_CurrencyList -->
