<?xml version="1.0" encoding="UTF-8"?>
<!-- Generated by org.testng.reporters.JUnitReportReporter -->
<testsuite skipped="0" hostname="DESKTOP-PPOL0UJ" name="testCases.TC002_PurchaseItem" tests="1" failures="0" timestamp="18 Apr 2022 21:30:31 GMT" time="13.027" errors="0">
  <testcase name="purchase_Item" time="13.027" classname="testCases.TC002_PurchaseItem"/>
</testsuite> <!-- testCases.TC002_PurchaseItem -->
