<?xml version="1.0" encoding="UTF-8"?>
<!-- Generated by org.testng.reporters.JUnitReportReporter -->
<testsuite skipped="0" hostname="DESKTOP-PPOL0UJ" name="testCases.TC001_VerifyLogin" tests="1" failures="0" timestamp="18 Apr 2022 22:46:47 GMT" time="1.429" errors="0">
  <testcase name="verifyLogin" time="1.429" classname="testCases.TC001_VerifyLogin"/>
</testsuite> <!-- testCases.TC001_VerifyLogin -->
