<?xml version="1.0" encoding="UTF-8"?>
<!-- Generated by org.testng.reporters.JUnitReportReporter -->
<testsuite skipped="0" hostname="DESKTOP-PPOL0UJ" name="testCases.TC004_CurrencyList" tests="1" failures="0" timestamp="18 Apr 2022 20:00:29 GMT" time="1.024" errors="0">
  <testcase name="homepage_currency" time="1.024" classname="testCases.TC004_CurrencyList"/>
</testsuite> <!-- testCases.TC004_CurrencyList -->
