<?xml version="1.0" encoding="UTF-8"?>
<!-- Generated by org.testng.reporters.JUnitReportReporter -->
<testsuite skipped="0" hostname="DESKTOP-PPOL0UJ" name="testCases.TC005_Logo" tests="1" failures="0" timestamp="02 May 2022 05:51:37 GMT" time="0.474" errors="0">
  <testcase name="verifyLogo" time="0.474" classname="testCases.TC005_Logo"/>
</testsuite> <!-- testCases.TC005_Logo -->
