<?xml version="1.0" encoding="UTF-8"?>
<!-- Generated by org.testng.reporters.JUnitReportReporter -->
<testsuite skipped="0" hostname="DESKTOP-PPOL0UJ" name="testCases.TC006_VerifyLogout" tests="1" failures="0" timestamp="18 Apr 2022 22:56:28 GMT" time="2.125" errors="0">
  <testcase name="myAcc_Logout" time="2.125" classname="testCases.TC006_VerifyLogout"/>
</testsuite> <!-- testCases.TC006_VerifyLogout -->
